<?xml version="1.0" encoding="UTF-8"?>
<!-- Generated by org.testng.reporters.JUnitXMLReporter -->
<testsuite hostname="DESKTOP-ER1H057" ignored="0" name="Basic CRM Tests" tests="3" failures="0" timestamp="2021-12-05T15:00:14 IST" time="51.197" errors="0">
  <testcase name="loginPageTitleTest" time="0.49" classname="com.crm.qa.testcases.LoginPageTest"/>
  <testcase name="loginTest" time="6.946" classname="com.crm.qa.testcases.LoginPageTest"/>
  <testcase name="verifyHomePageTitle" time="0.009" classname="com.crm.qa.testcases.HomePageTest"/>
</testsuite> <!-- Basic CRM Tests -->
