<?xml version="1.0" encoding="UTF-8"?>
<testng-results skipped="0" failed="0" ignored="0" total="3" passed="3">
  <reporter-output>
  </reporter-output>
  <suite name="Free CRM Automation" duration-ms="51197" started-at="2021-12-05T14:59:23 IST" finished-at="2021-12-05T15:00:14 IST">
    <groups>
    </groups>
    <test name="Basic CRM Tests" duration-ms="51197" started-at="2021-12-05T14:59:23 IST" finished-at="2021-12-05T15:00:14 IST">
      <class name="com.crm.qa.testcases.HomePageTest">
        <test-method status="PASS" signature="setUp()[pri:0, instance:com.crm.qa.testcases.HomePageTest@5f3a4b84]" name="setUp" is-config="true" duration-ms="14737" started-at="2021-12-05T14:59:59 IST" finished-at="2021-12-05T15:00:13 IST">
          <reporter-output>
          </reporter-output>
        </test-method> <!-- setUp -->
        <test-method status="PASS" signature="verifyHomePageTitle()[pri:0, instance:com.crm.qa.testcases.HomePageTest@5f3a4b84]" name="verifyHomePageTitle" duration-ms="9" started-at="2021-12-05T15:00:13 IST" finished-at="2021-12-05T15:00:13 IST">
          <reporter-output>
          </reporter-output>
        </test-method> <!-- verifyHomePageTitle -->
        <test-method status="PASS" signature="tearDown()[pri:0, instance:com.crm.qa.testcases.HomePageTest@5f3a4b84]" name="tearDown" is-config="true" duration-ms="853" started-at="2021-12-05T15:00:13 IST" finished-at="2021-12-05T15:00:14 IST">
          <reporter-output>
          </reporter-output>
        </test-method> <!-- tearDown -->
      </class> <!-- com.crm.qa.testcases.HomePageTest -->
      <class name="com.crm.qa.testcases.LoginPageTest">
        <test-method status="PASS" signature="setUp()[pri:0, instance:com.crm.qa.testcases.LoginPageTest@3dfc5fb8]" name="setUp" is-config="true" duration-ms="14573" started-at="2021-12-05T14:59:23 IST" finished-at="2021-12-05T14:59:38 IST">
          <reporter-output>
          </reporter-output>
        </test-method> <!-- setUp -->
        <test-method status="PASS" signature="loginPageTitleTest()[pri:1, instance:com.crm.qa.testcases.LoginPageTest@3dfc5fb8]" name="loginPageTitleTest" duration-ms="490" started-at="2021-12-05T14:59:38 IST" finished-at="2021-12-05T14:59:38 IST">
          <reporter-output>
          </reporter-output>
        </test-method> <!-- loginPageTitleTest -->
        <test-method status="PASS" signature="tearDown()[pri:0, instance:com.crm.qa.testcases.LoginPageTest@3dfc5fb8]" name="tearDown" is-config="true" duration-ms="1563" started-at="2021-12-05T14:59:38 IST" finished-at="2021-12-05T14:59:40 IST">
          <reporter-output>
          </reporter-output>
        </test-method> <!-- tearDown -->
        <test-method status="PASS" signature="setUp()[pri:0, instance:com.crm.qa.testcases.LoginPageTest@3dfc5fb8]" name="setUp" is-config="true" duration-ms="10910" started-at="2021-12-05T14:59:40 IST" finished-at="2021-12-05T14:59:51 IST">
          <reporter-output>
          </reporter-output>
        </test-method> <!-- setUp -->
        <test-method status="PASS" signature="loginTest()[pri:2, instance:com.crm.qa.testcases.LoginPageTest@3dfc5fb8]" name="loginTest" duration-ms="6946" started-at="2021-12-05T14:59:51 IST" finished-at="2021-12-05T14:59:58 IST">
          <reporter-output>
          </reporter-output>
        </test-method> <!-- loginTest -->
        <test-method status="PASS" signature="tearDown()[pri:0, instance:com.crm.qa.testcases.LoginPageTest@3dfc5fb8]" name="tearDown" is-config="true" duration-ms="950" started-at="2021-12-05T14:59:58 IST" finished-at="2021-12-05T14:59:59 IST">
          <reporter-output>
          </reporter-output>
        </test-method> <!-- tearDown -->
      </class> <!-- com.crm.qa.testcases.LoginPageTest -->
    </test> <!-- Basic CRM Tests -->
  </suite> <!-- Free CRM Automation -->
</testng-results>
